  Running UnrealBuildTool: dotnet "..\..\Engine\Binaries\DotNET\UnrealBuildTool\UnrealBuildTool.dll" COMP_475_ProjectEditor Win64 DebugGame -Project="C:\Users\nimbus\Documents\Unreal Projects\COMP-475\Team\COMP_475_Project\COMP_475_Project\COMP_475_Project.uproject" -WaitMutex -FromMsBuild
  Log file: C:\Users\nimbus\AppData\Local\UnrealBuildTool\Log.txt
  Using 'git status' to determine working set for adaptive non-unity build (C:\Users\nimbus\Documents\Unreal Projects\COMP-475\Team\COMP_475_Project).
  Creating makefile for COMP_475_ProjectEditor (no existing makefile)
C:\Users\nimbus\Documents\Unreal Projects\COMP-475\Team\COMP_475_Project\COMP_475_Project\Source\COMP_475_Project\COMP_475_Project.Build.cs(3,33): error CS0246: The type or namespace name 'ModuleRules' could not be found (are you missing a using directive or an assembly reference?)
C:\Users\nimbus\Documents\Unreal Projects\COMP-475\Team\COMP_475_Project\COMP_475_Project\Source\COMP_475_Project\COMP_475_Project.Build.cs(4,29): error CS0246: The type or namespace name 'ReadOnlyTargetRules' could not be found (are you missing a using directive or an assembly reference?)
C:\Users\nimbus\Documents\Unreal Projects\COMP-475\Team\COMP_475_Project\COMP_475_Project\Source\COMP_475_Project\COMP_475_Project.Build.cs(4,59): error CS1729: 'ModuleRules' does not contain a constructor that takes 1 arguments
C:\Users\nimbus\Documents\Unreal Projects\COMP-475\Team\COMP_475_Project\COMP_475_Project\Source\COMP_475_Project\COMP_475_Project.Build.cs(5,9): error CS0103: The name 'PCHUsage' does not exist in the current context
C:\Users\nimbus\Documents\Unreal Projects\COMP-475\Team\COMP_475_Project\COMP_475_Project\Source\COMP_475_Project\COMP_475_Project.Build.cs(5,20): error CS0103: The name 'PCHUsageMode' does not exist in the current context
C:\Users\nimbus\Documents\Unreal Projects\COMP-475\Team\COMP_475_Project\COMP_475_Project\Source\COMP_475_Project\COMP_475_Project.Build.cs(7,9): error CS0103: The name 'PublicDependencyModuleNames' does not exist in the current context
C:\Users\nimbus\Documents\Unreal Projects\COMP-475\Team\COMP_475_Project\COMP_475_Project\Source\COMP_475_Project\COMP_475_Project.Build.cs(9,9): error CS0103: The name 'PrivateDependencyModuleNames' does not exist in the current context
  Expecting to find a type to be declared in a target rules named 'COMP_475_ProjectEditorTarget'.  This type must derive from the 'TargetRules' type defined by Unreal Build Tool.
C:\Program Files\Microsoft Visual Studio\2022\Community\MSBuild\Microsoft\VC\v170\Microsoft.MakeFile.Targets(44,5): error MSB3073: The command ""N:\Epic\Epic Games\UE_5.1\Engine\Build\BatchFiles\Build.bat" COMP_475_ProjectEditor Win64 DebugGame -Project="C:\Users\nimbus\Documents\Unreal Projects\COMP-475\Team\COMP_475_Project\COMP_475_Project\COMP_475_Project.uproject" -WaitMutex -FromMsBuild" exited with code 6.
